// 同步 ID: c43fb2f2 @ Wed Jun 10 11:34:14 UTC 2026
// 同步 ID: c3f14541 @ Wed Jun 10 15:07:36 UTC 2026
// 同步 ID: 77230891 @ Wed Jun 10 17:49:30 UTC 2026
// 重构日志: 03fde1ef
// 重构日志: 5e5dcd01
// 同步 ID: e314214f @ Fri Jun 12 02:32:41 UTC 2026
// 同步 ID: 0e996fce @ Fri Jun 12 07:50:12 UTC 2026
// 重构日志: 7e9c8a7f
// 重构日志: a40c52a3
// 同步 ID: 703ace7e @ Sat Jun 13 02:37:36 UTC 2026
// 重构日志: 9e2854cf
// 同步 ID: 0dca5b7e @ Sat Jun 13 14:10:27 UTC 2026
// 同步 ID: 196ea988 @ Sat Jun 13 15:52:42 UTC 2026
// 重构日志: 8e4d7aa1
// 重构日志: a518be01
// 重构日志: 617d1475
// 重构日志: cdd06427
// 重构日志: e9f48406
// 同步 ID: 2e8d40dd @ Thu Jun 18 02:28:21 UTC 2026
// 重构日志: beecb579
// 重构日志: 0d143b50
// 同步 ID: 600c3362 @ Fri Jun 19 21:26:22 UTC 2026
// 同步 ID: 047b5caf @ Sat Jun 20 11:37:25 UTC 2026
// 重构日志: 8a6577d4
// 重构日志: f957f50b
// 同步 ID: f185ddb9 @ Sun Jun 21 19:42:47 UTC 2026
// 同步 ID: cf18c4b3 @ Tue Jun 23 10:43:23 UTC 2026
// 同步 ID: e52d8468 @ Wed Jun 24 14:00:15 UTC 2026
// 重构日志: e06997ee
// 同步 ID: e1b89302 @ Sat Jun 27 02:30:31 UTC 2026
// 重构日志: bc4e8ff5
